marking (4, 5) as corrupted
marking char grid corrupted coord (4, 5) as corrupted
---beginning---
cur in queue (0, 0, 0)
cur in queue (1, 0, 1)
cur in queue (0, 1, 1)
cur in queue (2, 0, 2)
cur in queue (1, 1, 2)
cur in queue (0, 2, 2)
cur in queue (3, 0, 3)
cur in queue (2, 1, 3)
cur in queue (1, 2, 3)
cur in queue (0, 3, 3)
cur in queue (4, 0, 4)
cur in queue (3, 1, 4)
cur in queue (2, 2, 4)
cur in queue (1, 3, 4)
cur in queue (0, 4, 4)
cur in queue (5, 0, 5)
cur in queue (4, 1, 5)
cur in queue (3, 2, 5)
cur in queue (2, 3, 5)
cur in queue (1, 4, 5)
cur in queue (0, 5, 5)
cur in queue (5, 1, 6)
cur in queue (4, 2, 6)
cur in queue (3, 3, 6)
cur in queue (2, 4, 6)
cur in queue (1, 5, 6)
cur in queue (5, 2, 7)
cur in queue (4, 3, 7)
cur in queue (3, 4, 7)
cur in queue (2, 5, 7)
cur in queue (5, 3, 8)
cur in queue (4, 4, 8)
cur in queue (3, 5, 8)
cur in queue (5, 4, 9)
cur in queue (5, 5, 10)
marking (2, 4) as corrupted
marking char grid corrupted coord (2, 4) as corrupted
---beginning---
cur in queue (0, 0, 0)
cur in queue (1, 0, 1)
cur in queue (0, 1, 1)
cur in queue (2, 0, 2)
cur in queue (1, 1, 2)
cur in queue (0, 2, 2)
cur in queue (3, 0, 3)
cur in queue (2, 1, 3)
cur in queue (1, 2, 3)
cur in queue (0, 3, 3)
cur in queue (4, 0, 4)
cur in queue (3, 1, 4)
cur in queue (2, 2, 4)
cur in queue (1, 3, 4)
cur in queue (0, 4, 4)
cur in queue (5, 0, 5)
cur in queue (4, 1, 5)
cur in queue (3, 2, 5)
cur in queue (2, 3, 5)
cur in queue (1, 4, 5)
cur in queue (0, 5, 5)
cur in queue (5, 1, 6)
cur in queue (4, 2, 6)
cur in queue (3, 3, 6)
cur in queue (1, 5, 6)
cur in queue (5, 2, 7)
cur in queue (4, 3, 7)
cur in queue (3, 4, 7)
cur in queue (2, 5, 7)
cur in queue (5, 3, 8)
cur in queue (4, 4, 8)
cur in queue (3, 5, 8)
cur in queue (5, 4, 9)
cur in queue (5, 5, 10)
marking (5, 4) as corrupted
marking char grid corrupted coord (5, 4) as corrupted
---beginning---
cur in queue (0, 0, 0)
cur in queue (1, 0, 1)
cur in queue (0, 1, 1)
cur in queue (2, 0, 2)
cur in queue (1, 1, 2)
cur in queue (0, 2, 2)
cur in queue (3, 0, 3)
cur in queue (2, 1, 3)
cur in queue (1, 2, 3)
cur in queue (0, 3, 3)
cur in queue (4, 0, 4)
cur in queue (3, 1, 4)
cur in queue (2, 2, 4)
cur in queue (1, 3, 4)
cur in queue (0, 4, 4)
cur in queue (5, 0, 5)
cur in queue (4, 1, 5)
cur in queue (3, 2, 5)
cur in queue (2, 3, 5)
cur in queue (1, 4, 5)
cur in queue (0, 5, 5)
cur in queue (5, 1, 6)
cur in queue (4, 2, 6)
cur in queue (3, 3, 6)
cur in queue (1, 5, 6)
cur in queue (5, 2, 7)
cur in queue (4, 3, 7)
cur in queue (3, 4, 7)
cur in queue (2, 5, 7)
cur in queue (5, 3, 8)
cur in queue (4, 4, 8)
cur in queue (3, 5, 8)
(5, 4)
