[3J[H[2Jg++ -std=c++14 part2.cc -o part2
./part2 sample.in
----------
cur: {id={13,1}
dist=0
----------
cur: {id={13,2}
dist=1
----------
cur: {id={13,3}
dist=2
----------
cur: {id={12,1}
dist=1001
----------
cur: {id={11,1}
dist=1002
----------
cur: {id={10,1}
dist=1003
----------
cur: {id={9,1}
dist=1004
----------
cur: {id={11,2}
dist=2003
----------
cur: {id={11,3}
dist=2004
----------
cur: {id={11,4}
dist=2005
----------
cur: {id={9,2}
dist=2005
----------
cur: {id={9,3}
dist=2006
----------
cur: {id={11,5}
dist=2006
----------
cur: {id={10,3}
dist=3005
----------
cur: {id={12,5}
dist=3007
----------
cur: {id={8,3}
dist=3007
----------
cur: {id={10,5}
dist=3007
----------
cur: {id={7,3}
dist=3008
----------
cur: {id={9,5}
dist=3008
----------
cur: {id={13,5}
dist=3008
----------
cur: {id={8,5}
dist=3009
----------
cur: {id={6,3}
dist=3009
----------
cur: {id={7,5}
dist=3010
----------
cur: {id={5,3}
dist=3010
----------
cur: {id={9,6}
dist=4009
----------
cur: {id={7,4}
dist=4009
----------
cur: {id={13,6}
dist=4009
----------
cur: {id={7,2}
dist=4009
----------
cur: {id={13,7}
dist=4010
----------
cur: {id={9,7}
dist=4010
----------
cur: {id={7,1}
dist=4010
----------
cur: {id={13,8}
dist=4011
----------
cur: {id={7,6}
dist=4011
----------
cur: {id={9,8}
dist=4011
----------
cur: {id={13,9}
dist=4012
----------
cur: {id={9,9}
dist=4012
----------
cur: {id={7,7}
dist=4012
----------
cur: {id={7,8}
dist=4013
----------
cur: {id={7,9}
dist=4014
----------
cur: {id={7,10}
dist=4015
----------
cur: {id={7,11}
dist=4016
----------
cur: {id={12,7}
dist=5011
----------
cur: {id={6,1}
dist=5011
----------
cur: {id={5,1}
dist=5012
----------
cur: {id={11,7}
dist=5012
----------
cur: {id={10,9}
dist=5013
----------
cur: {id={4,1}
dist=5013
----------
cur: {id={12,9}
dist=5013
----------
cur: {id={11,9}
dist=5014
----------
cur: {id={3,1}
dist=5014
----------
cur: {id={6,9}
dist=5015
----------
cur: {id={2,1}
dist=5015
----------
cur: {id={5,9}
dist=5016
----------
cur: {id={1,1}
dist=5016
----------
cur: {id={8,11}
dist=5017
----------
cur: {id={9,11}
dist=5018
----------
cur: {id={10,11}
dist=5019
----------
cur: {id={11,11}
dist=5020
----------
cur: {id={12,11}
dist=5021
----------
cur: {id={13,11}
dist=5022
----------
cur: {id={11,8}
dist=6013
----------
cur: {id={3,2}
dist=6015
----------
cur: {id={3,3}
dist=6016
----------
cur: {id={3,4}
dist=6017
----------
cur: {id={1,2}
dist=6017
----------
cur: {id={5,10}
dist=6017
----------
cur: {id={5,8}
dist=6017
----------
cur: {id={1,3}
dist=6018
----------
cur: {id={5,7}
dist=6018
----------
cur: {id={5,11}
dist=6018
----------
cur: {id={3,5}
dist=6018
----------
cur: {id={5,6}
dist=6019
----------
cur: {id={1,4}
dist=6019
----------
cur: {id={1,5}
dist=6020
----------
cur: {id={5,5}
dist=6020
----------
cur: {id={1,6}
dist=6021
----------
cur: {id={1,7}
dist=6022
----------
cur: {id={13,12}
dist=6023
----------
cur: {id={13,13}
dist=6024
----------
cur: {id={2,3}
dist=7017
----------
cur: {id={4,11}
dist=7019
----------
cur: {id={4,5}
dist=7019
----------
cur: {id={3,11}
dist=7020
----------
cur: {id={2,7}
dist=7023
----------
cur: {id={3,7}
dist=7024
----------
cur: {id={12,13}
dist=7025
----------
cur: {id={11,13}
dist=7026
----------
cur: {id={10,13}
dist=7027
----------
cur: {id={9,13}
dist=7028
----------
cur: {id={8,13}
dist=7029
----------
cur: {id={7,13}
dist=7030
----------
cur: {id={6,13}
dist=7031
----------
cur: {id={5,13}
dist=7032
----------
cur: {id={4,13}
dist=7033
----------
cur: {id={3,13}
dist=7034
----------
cur: {id={2,13}
dist=7035
----------
cur: {id={1,13}
dist=7036
----------
cur: {id={3,10}
dist=8021
----------
cur: {id={3,9}
dist=8022
----------
cur: {id={1,12}
dist=8037
----------
cur: {id={1,11}
dist=8038
----------
cur: {id={1,10}
dist=8039
----------
cur: {id={1,9}
dist=8040
----------
cur: {id={2,9}
dist=9023
-9223372036854767771
